<?xml version="1.0" encoding="UTF-8"?>
<testsuite name="br.ce.wcaquino.servicos.LocacaoServiceTestPW" time="0.447" tests="4" errors="0" skipped="0" failures="0">
  <properties>
[...]
</properties>
  <testcase name="deveDevolverNaSegundaAoAlugarNoSabado" classname="br.ce.wcaquino.servicos.LocacaoServiceTestPW" time="0.382"/>
  <testcase name="deveAlugarFilme" classname="br.ce.wcaquino.servicos.LocacaoServiceTestPW" time="0.007"/>
  <testcase name="deveCalcularValorLocacao" classname="br.ce.wcaquino.servicos.LocacaoServiceTestPW" time="0.017"/>
  <testcase name="deveAlugarFilmeSemCalcularValor" classname="br.ce.wcaquino.servicos.LocacaoServiceTestPW" time="0.041"/>
</testsuite>